
BL51 BANKED LINKER/LOCATER V6.22.2.0 - SN: Eval Version
COPYRIGHT ARM Germany GmbH 1987 - 2017
"D:\huangxh\Documents\作業\大三上\維機實驗\Final\final.obj"  TO "D:\huangxh\Documents\作業\大三上\維機實驗\Final\Final" RS(256) PL(68) PW(78) 

*** WARNING L16: UNCALLED SEGMENT, IGNORED FOR OVERLAY PROCESS
    SEGMENT: ?PR?LCD_PORTCONFIG?FINAL

*** WARNING L16: UNCALLED SEGMENT, IGNORED FOR OVERLAY PROCESS
    SEGMENT: ?PR?LCD_INIT?FINAL

*** WARNING L16: UNCALLED SEGMENT, IGNORED FOR OVERLAY PROCESS
    SEGMENT: ?PR?_LCD_PRINTSTRING?FINAL

*** WARNING L16: UNCALLED SEGMENT, IGNORED FOR OVERLAY PROCESS
    SEGMENT: ?PR?LCD_CLEARSCREEN?FINAL

*** WARNING L16: UNCALLED SEGMENT, IGNORED FOR OVERLAY PROCESS
    SEGMENT: ?PR?GLCD_READDATA?FINAL

*** WARNING L16: UNCALLED SEGMENT, IGNORED FOR OVERLAY PROCESS
    SEGMENT: ?PR?GLCD_ISON?FINAL

*** WARNING L16: UNCALLED SEGMENT, IGNORED FOR OVERLAY PROCESS
    SEGMENT: ?PR?SET_DISPLAYOFF?FINAL

******************************************************************************
* RESTRICTED VERSION WITH 0800H BYTE CODE SIZE LIMIT; USED: 07B9H BYTE (96%) *
******************************************************************************

>> 
>> 
>> 
Program Size: data=60.0 xdata=0 code=2382
LINK/LOCATE RUN COMPLETE.  7 WARNING(S),  0 ERROR(S)
